REGISTER_KERNEL(ADD, Add)
REGISTER_KERNEL(ARG_MAX, ArgMax)
REGISTER_KERNEL(AVERAGE_POOL_2D, AveragePool2D)
REGISTER_KERNEL(BATCH_TO_SPACE_ND, BatchToSpaceND)
REGISTER_KERNEL(CAST, Cast)
REGISTER_KERNEL(CONCATENATION, Concatenation)
REGISTER_KERNEL(CONV_2D, Conv2D)
REGISTER_KERNEL(DEPTH_TO_SPACE, DepthToSpace)
REGISTER_KERNEL(DEPTHWISE_CONV_2D, DepthwiseConv2D)
REGISTER_KERNEL(DEQUANTIZE, Dequantize)
REGISTER_KERNEL(DIV, Div)
REGISTER_KERNEL(ELU, Elu)
REGISTER_KERNEL(EXP, Exp)
REGISTER_KERNEL(EXPAND_DIMS, ExpandDims)
REGISTER_KERNEL(FILL, Fill)
REGISTER_KERNEL(FLOOR, Floor)
REGISTER_KERNEL(FLOOR_DIV, FloorDiv)
REGISTER_KERNEL(EQUAL, Equal)
REGISTER_KERNEL(FULLY_CONNECTED, FullyConnected)
REGISTER_KERNEL(GREATER, Greater)
REGISTER_KERNEL(GREATER_EQUAL, GreaterEqual)
REGISTER_KERNEL(INSTANCE_NORM, InstanceNorm)
REGISTER_KERNEL(L2_NORMALIZATION, L2Normalize)
REGISTER_KERNEL(L2_POOL_2D, L2Pool2D)
REGISTER_KERNEL(LEAKY_RELU, LeakyRelu)
REGISTER_KERNEL(LESS, Less)
REGISTER_KERNEL(LESS_EQUAL, LessEqual)
REGISTER_KERNEL(LOGICAL_AND, LogicalAnd)
REGISTER_KERNEL(LOGICAL_NOT, LogicalNot)
REGISTER_KERNEL(LOGICAL_OR, LogicalOr)
REGISTER_KERNEL(LOGISTIC, Logistic)
REGISTER_KERNEL(MAXIMUM, Maximum)
REGISTER_KERNEL(MAX_POOL_2D, MaxPool2D)
REGISTER_KERNEL(MINIMUM, Minimum)
REGISTER_KERNEL(MIRROR_PAD, MirrorPad)
REGISTER_KERNEL(MUL, Mul)
REGISTER_KERNEL(NEG, Neg)
REGISTER_KERNEL(NOT_EQUAL, NotEqual)
REGISTER_KERNEL(PAD, Pad)
REGISTER_KERNEL(PADV2, PadV2)
REGISTER_KERNEL(PRELU, PRelu)
REGISTER_KERNEL(QUANTIZE, Quantize)
REGISTER_KERNEL(RESHAPE, Reshape)
REGISTER_KERNEL(RESIZE_BILINEAR, ResizeBilinear)
REGISTER_KERNEL(RESIZE_NEAREST_NEIGHBOR, ResizeNearestNeighbor)
REGISTER_KERNEL(RSQRT, Rsqrt)
REGISTER_KERNEL(SHAPE, Shape)
REGISTER_KERNEL(SOFTMAX, Softmax)
REGISTER_KERNEL(SPACE_TO_BATCH_ND, SpaceToBatchND)
REGISTER_KERNEL(SPACE_TO_DEPTH, SpaceToDepth)
REGISTER_KERNEL(STRIDED_SLICE, StridedSlice)
REGISTER_KERNEL(SQRT, Sqrt)
REGISTER_KERNEL(SQUARE, Square)
REGISTER_KERNEL(SQUARED_DIFFERENCE, SquaredDifference)
REGISTER_KERNEL(SQUEEZE, Squeeze)
REGISTER_KERNEL(SUB, Sub)
REGISTER_KERNEL(SVDF, SVDF)
REGISTER_KERNEL(TANH, Tanh)
REGISTER_KERNEL(TRANSPOSE, Transpose)
REGISTER_KERNEL(TRANSPOSE_CONV, TransposeConv)
REGISTER_KERNEL(UNIDIRECTIONAL_SEQUENCE_LSTM, UnidirectionalSequenceLSTM)
