REGISTER_KERNEL(ADD)
REGISTER_KERNEL(ARG_MAX)
REGISTER_KERNEL(AVERAGE_POOL_2D)
REGISTER_KERNEL(BATCH_TO_SPACE_ND)
REGISTER_KERNEL(CAST)
REGISTER_KERNEL(CONCATENATION)
REGISTER_KERNEL(CONV_2D)
REGISTER_KERNEL(DEPTH_TO_SPACE)
REGISTER_KERNEL(DEPTHWISE_CONV_2D)
REGISTER_KERNEL(DIV)
REGISTER_KERNEL(ELU)
REGISTER_KERNEL(EQUAL)
REGISTER_KERNEL(EXP)
REGISTER_KERNEL(FLOOR)
REGISTER_KERNEL(FLOOR_DIV)
REGISTER_KERNEL(FULLY_CONNECTED)
REGISTER_KERNEL(GREATER)
REGISTER_KERNEL(GREATER_EQUAL)
REGISTER_KERNEL(IF)
REGISTER_KERNEL(L2_POOL_2D)
REGISTER_KERNEL(L2_NORMALIZATION)
REGISTER_KERNEL(LEAKY_RELU)
REGISTER_KERNEL(LESS)
REGISTER_KERNEL(LESS_EQUAL)
REGISTER_KERNEL(LOCAL_RESPONSE_NORMALIZATION)
REGISTER_KERNEL(LOGICAL_AND)
REGISTER_KERNEL(LOGICAL_NOT)
REGISTER_KERNEL(LOGICAL_OR)
REGISTER_KERNEL(LOGISTIC)
REGISTER_KERNEL(LOG_SOFTMAX)
REGISTER_KERNEL(MAX_POOL_2D)
REGISTER_KERNEL(MAXIMUM)
REGISTER_KERNEL(MEAN)
REGISTER_KERNEL(MINIMUM)
REGISTER_KERNEL(MIRROR_PAD)
REGISTER_KERNEL(MUL)
REGISTER_KERNEL(NEG)
REGISTER_KERNEL(NOT_EQUAL)
REGISTER_KERNEL(PACK)
REGISTER_KERNEL(PAD)
REGISTER_KERNEL(PADV2)
REGISTER_KERNEL(POW)
REGISTER_KERNEL(PRELU)
REGISTER_KERNEL(RELU)
REGISTER_KERNEL(RELU6)
REGISTER_KERNEL(RESHAPE)
REGISTER_KERNEL(RESIZE_BILINEAR)
REGISTER_KERNEL(RESIZE_NEAREST_NEIGHBOR)
REGISTER_KERNEL(REVERSE_V2)
REGISTER_KERNEL(RSQRT)
REGISTER_KERNEL(SLICE)
REGISTER_KERNEL(SOFTMAX)
REGISTER_KERNEL(SPACE_TO_BATCH_ND)
REGISTER_KERNEL(SPACE_TO_DEPTH)
REGISTER_KERNEL(SPLIT)
REGISTER_KERNEL(SQRT)
REGISTER_KERNEL(SQUARE)
REGISTER_KERNEL(SQUARED_DIFFERENCE)
REGISTER_KERNEL(SQUEEZE)
REGISTER_KERNEL(STRIDED_SLICE)
REGISTER_KERNEL(SUB)
REGISTER_KERNEL(TANH)
REGISTER_KERNEL(TRANSPOSE)
REGISTER_KERNEL(TRANSPOSE_CONV)
REGISTER_KERNEL(UNPACK)
REGISTER_KERNEL(INSTANCE_NORM)
