/*
 * Copyright (c) 2020 Samsung Electronics Co., Ltd. All Rights Reserved
 *
 * Licensed under the Apache License, Version 2.0 (the "License");
 * you may not use this file except in compliance with the License.
 * You may obtain a copy of the License at
 *
 *    http://www.apache.org/licenses/LICENSE-2.0
 *
 * Unless required by applicable law or agreed to in writing, software
 * distributed under the License is distributed on an "AS IS" BASIS,
 * WITHOUT WARRANTIES OR CONDITIONS OF ANY KIND, either express or implied.
 * See the License for the specific language governing permissions and
 * limitations under the License.
 */

#ifndef INTERP_OP
#error Define INTERP_OP before including this file
#endif

// Supported operation name in interpreter
//
// Same list with Operations.lst
// Make comment out if operation is not supported in interpreter
INTERP_OP(BinaryArithmetic)
//INTERP_OP(BatchToSpaceND)
//INTERP_OP(Cast)
INTERP_OP(Conv2D)
INTERP_OP(DepthwiseConv2D)
INTERP_OP(Pool2D)
INTERP_OP(Concat)
INTERP_OP(FullyConnected)
//INTERP_OP(Reduce)
INTERP_OP(Reshape)
INTERP_OP(Softmax)
//INTERP_OP(Squeeze)
//INTERP_OP(Slice)
//INTERP_OP(StridedSlice)
INTERP_OP(Tanh)
INTERP_OP(Logistic)
//INTERP_OP(Transpose)
//INTERP_OP(Exp)
//INTERP_OP(Comparison)
//INTERP_OP(LogicalNot)
//INTERP_OP(LSTM)
//INTERP_OP(RSQRT)
INTERP_OP(ReLU)
//INTERP_OP(ResizeBilinear)
INTERP_OP(ReLU1)
INTERP_OP(ReLU6)
//INTERP_OP(RNN)
//INTERP_OP(Floor)
//INTERP_OP(SpaceToBatchND)
//INTERP_OP(SpaceToDepth)
//INTERP_OP(EmbeddingLookup)
//INTERP_OP(L2Normalization)
//INTERP_OP(HashtableLookup)
INTERP_OP(InstanceNorm)
//INTERP_OP(PReLU)
INTERP_OP(TransposeConv)
//INTERP_OP(SQRT)
//INTERP_OP(SquaredDifference)
//INTERP_OP(TopKV2)
INTERP_OP(Gather)
//INTERP_OP(Neg)
//INTERP_OP(Abs)
//INTERP_OP(ArgMax)
//INTERP_OP(Dequantize)
//INTERP_OP(LocalResponseNormalization)
//INTERP_OP(DepthToSpace)
//INTERP_OP(Pack)
//INTERP_OP(Split)
//INTERP_OP(Unpack)
INTERP_OP(Pad)
//INTERP_OP(Custom)
//INTERP_OP(Permute)
//INTERP_OP(OneHot)
