#ifndef CIRCLE_NODE
#error "Define CIRCLE_NODE"
#endif // CIRCLE_NODE

#ifndef CIRCLE_VNODE
#error "Define CIRCLE_VNODE"
#endif // CIRCLE_VNODE

//
// PLEASE SORT NODE DECLS IN ALPHABETICAL ORDER
//
// NOTE : CIRCLE_VNODE does not have any additional parameters
//        because they are not circle builtin operators
//        Please add parameters when they are needed.
//
// CIRCLE_NODE(CircleNode, circle::BuiltinOperator, circle::BuiltinOptions)
// CIRCLE_VNODE(CircleNode)
//

CIRCLE_NODE(CircleAbs, BuiltinOperator_ABS, BuiltinOptions_AbsOptions)
CIRCLE_NODE(CircleAdd, BuiltinOperator_ADD, BuiltinOptions_AddOptions)
CIRCLE_NODE(CircleAddN, BuiltinOperator_ADD_N, BuiltinOptions_AddNOptions)
CIRCLE_NODE(CircleArgMax, BuiltinOperator_ARG_MAX, BuiltinOptions_ArgMaxOptions)
CIRCLE_NODE(CircleArgMin, BuiltinOperator_ARG_MIN, BuiltinOptions_ArgMinOptions)
CIRCLE_NODE(CircleAveragePool2D, BuiltinOperator_AVERAGE_POOL_2D , BuiltinOptions_Pool2DOptions)
CIRCLE_NODE(CircleBatchToSpaceND, BuiltinOperator_BATCH_TO_SPACE_ND, BuiltinOptions_BatchToSpaceNDOptions)
CIRCLE_NODE(CircleBatchMatMul, BuiltinOperator_BATCH_MATMUL, BuiltinOptions_BatchMatMulOptions)
CIRCLE_NODE(CircleBidirectionalSequenceLSTM, BuiltinOperator_BIDIRECTIONAL_SEQUENCE_LSTM, BuiltinOptions_BidirectionalSequenceLSTMOptions)
CIRCLE_NODE(CircleCast, BuiltinOperator_CAST, BuiltinOptions_CastOptions)
CIRCLE_NODE(CircleCeil, BuiltinOperator_CEIL, BuiltinOptions_NONE)
CIRCLE_NODE(CircleConcatenation, BuiltinOperator_CONCATENATION, BuiltinOptions_ConcatenationOptions)
CIRCLE_NODE(CircleConv2D, BuiltinOperator_CONV_2D, BuiltinOptions_Conv2DOptions)
CIRCLE_NODE(CircleCos, BuiltinOperator_COS, BuiltinOptions_CosOptions)
CIRCLE_NODE(CircleCumSum, BuiltinOperator_CUMSUM, BuiltinOptions_CumsumOptions)
CIRCLE_NODE(CircleCustom, BuiltinOperator_CUSTOM, BuiltinOptions_NONE)
CIRCLE_NODE(CircleDensify, BuiltinOperator_DENSIFY, BuiltinOptions_DensifyOptions)
CIRCLE_NODE(CircleDepthToSpace, BuiltinOperator_DEPTH_TO_SPACE, BuiltinOptions_DepthToSpaceOptions)
CIRCLE_NODE(CircleDepthwiseConv2D, BuiltinOperator_DEPTHWISE_CONV_2D, BuiltinOptions_DepthwiseConv2DOptions)
CIRCLE_NODE(CircleDequantize, BuiltinOperator_DEQUANTIZE, BuiltinOptions_DequantizeOptions)
CIRCLE_NODE(CircleDiv, BuiltinOperator_DIV, BuiltinOptions_DivOptions)
CIRCLE_NODE(CircleElu, BuiltinOperator_ELU, BuiltinOptions_NONE)
CIRCLE_NODE(CircleEqual, BuiltinOperator_EQUAL, BuiltinOptions_EqualOptions)
CIRCLE_NODE(CircleExp, BuiltinOperator_EXP, BuiltinOptions_ExpOptions)
CIRCLE_NODE(CircleExpandDims, BuiltinOperator_EXPAND_DIMS, BuiltinOptions_ExpandDimsOptions)
CIRCLE_NODE(CircleFakeQuant, BuiltinOperator_FAKE_QUANT, BuiltinOptions_FakeQuantOptions)
CIRCLE_NODE(CircleFill, BuiltinOperator_FILL, BuiltinOptions_FillOptions)
CIRCLE_NODE(CircleFloor, BuiltinOperator_FLOOR, BuiltinOptions_NONE)
CIRCLE_NODE(CircleFloorDiv, BuiltinOperator_FLOOR_DIV, BuiltinOptions_FloorDivOptions)
CIRCLE_NODE(CircleFloorMod, BuiltinOperator_FLOOR_MOD, BuiltinOptions_FloorModOptions)
CIRCLE_NODE(CircleFullyConnected, BuiltinOperator_FULLY_CONNECTED, BuiltinOptions_FullyConnectedOptions)
CIRCLE_NODE(CircleGather, BuiltinOperator_GATHER, BuiltinOptions_GatherOptions)
CIRCLE_NODE(CircleGatherNd, BuiltinOperator_GATHER_ND, BuiltinOptions_GatherNdOptions)
CIRCLE_NODE(CircleGelu, BuiltinOperator_GELU, BuiltinOptions_GeluOptions)
CIRCLE_NODE(CircleGreater, BuiltinOperator_GREATER, BuiltinOptions_GreaterOptions)
CIRCLE_NODE(CircleGreaterEqual, BuiltinOperator_GREATER_EQUAL, BuiltinOptions_GreaterEqualOptions)
CIRCLE_NODE(CircleHardSwish, BuiltinOperator_HARD_SWISH, BuiltinOptions_NONE)
CIRCLE_NODE(CircleIf, BuiltinOperator_IF, BuiltinOptions_IfOptions)
CIRCLE_NODE(CircleL2Normalize, BuiltinOperator_L2_NORMALIZATION, BuiltinOptions_L2NormOptions)
CIRCLE_NODE(CircleL2Pool2D, BuiltinOperator_L2_POOL_2D, BuiltinOptions_Pool2DOptions)
CIRCLE_NODE(CircleLeakyRelu, BuiltinOperator_LEAKY_RELU, BuiltinOptions_LeakyReluOptions)
CIRCLE_NODE(CircleLess, BuiltinOperator_LESS, BuiltinOptions_LessOptions)
CIRCLE_NODE(CircleLessEqual, BuiltinOperator_LESS_EQUAL, BuiltinOptions_LessEqualOptions)
CIRCLE_NODE(CircleLocalResponseNormalization, BuiltinOperator_LOCAL_RESPONSE_NORMALIZATION, BuiltinOptions_LocalResponseNormalizationOptions)
CIRCLE_NODE(CircleLog, BuiltinOperator_LOG, BuiltinOptions_NONE)
CIRCLE_NODE(CircleLogicalAnd, BuiltinOperator_LOGICAL_AND, BuiltinOptions_LogicalAndOptions)
CIRCLE_NODE(CircleLogicalNot, BuiltinOperator_LOGICAL_NOT, BuiltinOptions_LogicalNotOptions)
CIRCLE_NODE(CircleLogicalOr, BuiltinOperator_LOGICAL_OR, BuiltinOptions_LogicalOrOptions)
CIRCLE_NODE(CircleLogistic, BuiltinOperator_LOGISTIC, BuiltinOptions_NONE)
CIRCLE_NODE(CircleLogSoftmax, BuiltinOperator_LOG_SOFTMAX, BuiltinOptions_LogSoftmaxOptions)
CIRCLE_NODE(CircleMatrixDiag, BuiltinOperator_MATRIX_DIAG, BuiltinOptions_MatrixDiagOptions)
CIRCLE_NODE(CircleMaxPool2D, BuiltinOperator_MAX_POOL_2D, BuiltinOptions_Pool2DOptions)
CIRCLE_NODE(CircleMatrixSetDiag, BuiltinOperator_MATRIX_SET_DIAG, BuiltinOptions_MatrixSetDiagOptions)
CIRCLE_NODE(CircleMaximum, BuiltinOperator_MAXIMUM, BuiltinOptions_MaximumMinimumOptions)
CIRCLE_NODE(CircleMean, BuiltinOperator_MEAN, BuiltinOptions_ReducerOptions)
CIRCLE_NODE(CircleMinimum, BuiltinOperator_MINIMUM, BuiltinOptions_MaximumMinimumOptions)
CIRCLE_NODE(CircleMirrorPad, BuiltinOperator_MIRROR_PAD, BuiltinOptions_MirrorPadOptions)
CIRCLE_NODE(CircleMul, BuiltinOperator_MUL, BuiltinOptions_MulOptions)
CIRCLE_NODE(CircleNeg, BuiltinOperator_NEG, BuiltinOptions_NegOptions)
CIRCLE_NODE(CircleNonMaxSuppressionV4, BuiltinOperator_NON_MAX_SUPPRESSION_V4, BuiltinOptions_NonMaxSuppressionV4Options)
CIRCLE_NODE(CircleNonMaxSuppressionV5, BuiltinOperator_NON_MAX_SUPPRESSION_V5, BuiltinOptions_NonMaxSuppressionV5Options)
CIRCLE_NODE(CircleNotEqual, BuiltinOperator_NOT_EQUAL, BuiltinOptions_NotEqualOptions)
CIRCLE_NODE(CircleOneHot, BuiltinOperator_ONE_HOT, BuiltinOptions_OneHotOptions)
CIRCLE_NODE(CirclePack, BuiltinOperator_PACK, BuiltinOptions_PackOptions)
CIRCLE_NODE(CirclePad, BuiltinOperator_PAD, BuiltinOptions_PadOptions)
CIRCLE_NODE(CirclePadV2, BuiltinOperator_PADV2, BuiltinOptions_PadV2Options)
CIRCLE_NODE(CirclePow, BuiltinOperator_POW, BuiltinOptions_PowOptions)
CIRCLE_NODE(CirclePRelu, BuiltinOperator_PRELU, BuiltinOptions_NONE)
CIRCLE_NODE(CircleQuantize, BuiltinOperator_QUANTIZE, BuiltinOptions_QuantizeOptions)
CIRCLE_NODE(CircleRange, BuiltinOperator_RANGE, BuiltinOptions_RangeOptions)
CIRCLE_NODE(CircleRank, BuiltinOperator_RANK, BuiltinOptions_RankOptions)
CIRCLE_NODE(CircleReduceAny, BuiltinOperator_REDUCE_ANY, BuiltinOptions_ReducerOptions)
CIRCLE_NODE(CircleReduceMax, BuiltinOperator_REDUCE_MAX, BuiltinOptions_ReducerOptions)
CIRCLE_NODE(CircleReduceMin, BuiltinOperator_REDUCE_MIN, BuiltinOptions_ReducerOptions)
CIRCLE_NODE(CircleReduceProd, BuiltinOperator_REDUCE_PROD, BuiltinOptions_ReducerOptions)
CIRCLE_NODE(CircleRelu, BuiltinOperator_RELU, BuiltinOptions_NONE)
CIRCLE_NODE(CircleRelu6, BuiltinOperator_RELU6, BuiltinOptions_NONE)
CIRCLE_NODE(CircleReluN1To1, BuiltinOperator_RELU_N1_TO_1, BuiltinOptions_NONE)
CIRCLE_NODE(CircleReshape, BuiltinOperator_RESHAPE, BuiltinOptions_ReshapeOptions)
CIRCLE_NODE(CircleResizeBilinear, BuiltinOperator_RESIZE_BILINEAR, BuiltinOptions_ResizeBilinearOptions)
CIRCLE_NODE(CircleResizeNearestNeighbor, BuiltinOperator_RESIZE_NEAREST_NEIGHBOR, BuiltinOptions_ResizeNearestNeighborOptions)
CIRCLE_NODE(CircleReverseSequence, BuiltinOperator_REVERSE_SEQUENCE, BuiltinOptions_ReverseSequenceOptions)
CIRCLE_NODE(CircleReverseV2, BuiltinOperator_REVERSE_V2, BuiltinOptions_ReverseV2Options)
CIRCLE_NODE(CircleRound, BuiltinOperator_ROUND, BuiltinOptions_NONE)
CIRCLE_NODE(CircleRsqrt, BuiltinOperator_RSQRT, BuiltinOptions_NONE)
CIRCLE_NODE(CircleScatterNd, BuiltinOperator_SCATTER_ND, BuiltinOptions_ScatterNdOptions)
CIRCLE_NODE(CircleSegmentSum, BuiltinOperator_SEGMENT_SUM, BuiltinOptions_SegmentSumOptions)
CIRCLE_NODE(CircleSelect, BuiltinOperator_SELECT, BuiltinOptions_SelectOptions)
CIRCLE_NODE(CircleSelectV2, BuiltinOperator_SELECT_V2, BuiltinOptions_SelectV2Options)
CIRCLE_NODE(CircleShape, BuiltinOperator_SHAPE, BuiltinOptions_ShapeOptions)
CIRCLE_NODE(CircleSin, BuiltinOperator_SIN, BuiltinOptions_NONE)
CIRCLE_NODE(CircleSlice, BuiltinOperator_SLICE, BuiltinOptions_SliceOptions)
CIRCLE_NODE(CircleSoftmax, BuiltinOperator_SOFTMAX, BuiltinOptions_SoftmaxOptions)
CIRCLE_NODE(CircleSpaceToBatchND, BuiltinOperator_SPACE_TO_BATCH_ND, BuiltinOptions_SpaceToBatchNDOptions)
CIRCLE_NODE(CircleSpaceToDepth, BuiltinOperator_SPACE_TO_DEPTH, BuiltinOptions_SpaceToDepthOptions)
CIRCLE_NODE(CircleSparseToDense, BuiltinOperator_SPARSE_TO_DENSE, BuiltinOptions_SparseToDenseOptions)
CIRCLE_NODE(CircleSplit, BuiltinOperator_SPLIT, BuiltinOptions_SplitOptions)
CIRCLE_NODE(CircleSplitV, BuiltinOperator_SPLIT_V, BuiltinOptions_SplitVOptions)
CIRCLE_NODE(CircleSqrt, BuiltinOperator_SQRT, BuiltinOptions_NONE)
CIRCLE_NODE(CircleSquare, BuiltinOperator_SQUARE, BuiltinOptions_SquareOptions)
CIRCLE_NODE(CircleSquaredDifference, BuiltinOperator_SQUARED_DIFFERENCE, BuiltinOptions_SquaredDifferenceOptions)
CIRCLE_NODE(CircleSqueeze, BuiltinOperator_SQUEEZE, BuiltinOptions_SqueezeOptions)
CIRCLE_NODE(CircleStridedSlice, BuiltinOperator_STRIDED_SLICE, BuiltinOptions_StridedSliceOptions)
CIRCLE_NODE(CircleSub, BuiltinOperator_SUB, BuiltinOptions_SubOptions)
CIRCLE_NODE(CircleSum, BuiltinOperator_SUM, BuiltinOptions_ReducerOptions)
CIRCLE_NODE(CircleSVDF, BuiltinOperator_SVDF, BuiltinOptions_SVDFOptions)
CIRCLE_NODE(CircleTanh, BuiltinOperator_TANH, BuiltinOptions_NONE)
CIRCLE_NODE(CircleTile, BuiltinOperator_TILE, BuiltinOptions_TileOptions)
CIRCLE_NODE(CircleTopKV2, BuiltinOperator_TOPK_V2, BuiltinOptions_TopKV2Options)
CIRCLE_NODE(CircleTranspose, BuiltinOperator_TRANSPOSE, BuiltinOptions_TransposeOptions)
CIRCLE_NODE(CircleTransposeConv, BuiltinOperator_TRANSPOSE_CONV, BuiltinOptions_TransposeConvOptions)
CIRCLE_NODE(CircleUnidirectionalSequenceLSTM, BuiltinOperator_UNIDIRECTIONAL_SEQUENCE_LSTM, BuiltinOptions_UnidirectionalSequenceLSTMOptions)
CIRCLE_NODE(CircleUnique, BuiltinOperator_UNIQUE, BuiltinOptions_UniqueOptions)
CIRCLE_NODE(CircleUnpack, BuiltinOperator_UNPACK, BuiltinOptions_UnpackOptions)
CIRCLE_NODE(CircleWhere, BuiltinOperator_WHERE, BuiltinOptions_WhereOptions)
CIRCLE_NODE(CircleWhile, BuiltinOperator_WHILE, BuiltinOptions_WhileOptions)
CIRCLE_NODE(CircleZerosLike, BuiltinOperator_ZEROS_LIKE, BuiltinOptions_ZerosLikeOptions)
// Circle Only
CIRCLE_NODE(CircleBCQFullyConnected, BuiltinOperator_BCQ_FULLY_CONNECTED, BuiltinOptions_BCQFullyConnectedOptions)
CIRCLE_NODE(CircleBCQGather, BuiltinOperator_BCQ_GATHER, BuiltinOptions_BCQGatherOptions)
CIRCLE_NODE(CircleInstanceNorm, BuiltinOperator_INSTANCE_NORM, BuiltinOptions_InstanceNormOptions)
// Virtual node(s)
CIRCLE_VNODE(CircleBidirectionalSequenceLSTMOut)
CIRCLE_VNODE(CircleConst)
CIRCLE_VNODE(CircleInput)
CIRCLE_VNODE(CircleOutput)
CIRCLE_VNODE(CircleOutputDummy)
CIRCLE_VNODE(CircleOutputExclude)
CIRCLE_VNODE(CircleCustomOut)
CIRCLE_VNODE(CircleIfOut)
CIRCLE_VNODE(CircleNonMaxSuppressionV4Out)
CIRCLE_VNODE(CircleNonMaxSuppressionV5Out)
CIRCLE_VNODE(CircleSplitOut)
CIRCLE_VNODE(CircleSplitVOut)
CIRCLE_VNODE(CircleTopKV2Out)
CIRCLE_VNODE(CircleUniqueOut)
CIRCLE_VNODE(CircleUnpackOut)
CIRCLE_VNODE(CircleVariable)
CIRCLE_VNODE(CircleWhileOut)
