OP(ArgMinMax)
OP(BatchToSpaceND)
OP(BinaryArithmetic)
OP(Comparison)
OP(Concat)
OP(Conv2D)
OP(ConvertFp16ToFp32)
OP(ConvertFp32ToFp16)
OP(DepthToSpace)
OP(DepthwiseConv2D)
OP(ElementwiseActivation)
OP(ElementwiseBinary)
OP(ElementwiseUnary)
OP(EmbeddingLookup)
OP(ExpandDims)
OP(FullyConnected)
OP(Gather)
OP(HashtableLookup)
OP(InstanceNorm)
OP(L2Normalization)
OP(LocalResponseNormalization)
OP(LSTM)
OP(OneHot)
OP(Pack)
OP(Pad)
OP(Pool2D)
OP(PReLU)
OP(Reduce)
OP(Reshape)
OP(ResizeBilinear)
OP(ResizeNearestNeighbor)
OP(Reverse)
OP(RNN)
OP(Slice)
OP(Softmax)
OP(SpaceToBatchND)
OP(SpaceToDepth)
OP(Split)
OP(SplitV)
OP(SquaredDifference)
OP(Squeeze)
OP(StridedSlice)
OP(TopKV2)
OP(Transpose)
OP(TransposeConv)
OP(Unpack)
