REGISTER_KERNEL(Abs)
REGISTER_KERNEL(Add)
REGISTER_KERNEL(ArgMax)
REGISTER_KERNEL(AveragePool2D)
REGISTER_KERNEL(BatchMatMul)
REGISTER_KERNEL(BatchToSpaceND)
REGISTER_KERNEL(Cast)
REGISTER_KERNEL(Concatenation)
REGISTER_KERNEL(Conv2D)
REGISTER_KERNEL(Cos)
REGISTER_KERNEL(DepthToSpace)
REGISTER_KERNEL(DepthwiseConv2D)
REGISTER_KERNEL(Dequantize)
REGISTER_KERNEL(Div)
REGISTER_KERNEL(Elu)
REGISTER_KERNEL(Exp)
REGISTER_KERNEL(ExpandDims)
REGISTER_KERNEL(Fill)
REGISTER_KERNEL(Floor)
REGISTER_KERNEL(FloorDiv)
REGISTER_KERNEL(FloorMod)
REGISTER_KERNEL(Equal)
REGISTER_KERNEL(FullyConnected)
REGISTER_KERNEL(Gather)
REGISTER_KERNEL(Gelu)
REGISTER_KERNEL(Greater)
REGISTER_KERNEL(GreaterEqual)
REGISTER_KERNEL(HardSwish)
REGISTER_KERNEL(If)
REGISTER_KERNEL(InstanceNorm)
REGISTER_KERNEL(L2Normalize)
REGISTER_KERNEL(L2Pool2D)
REGISTER_KERNEL(LeakyRelu)
REGISTER_KERNEL(Less)
REGISTER_KERNEL(LessEqual)
REGISTER_KERNEL(LocalResponseNormalization)
REGISTER_KERNEL(Log)
REGISTER_KERNEL(LogicalAnd)
REGISTER_KERNEL(LogicalNot)
REGISTER_KERNEL(LogicalOr)
REGISTER_KERNEL(Logistic)
REGISTER_KERNEL(LogSoftmax)
REGISTER_KERNEL(Maximum)
REGISTER_KERNEL(MaxPool2D)
REGISTER_KERNEL(Mean)
REGISTER_KERNEL(Minimum)
REGISTER_KERNEL(MirrorPad)
REGISTER_KERNEL(Mul)
REGISTER_KERNEL(Neg)
REGISTER_KERNEL(NotEqual)
REGISTER_KERNEL(OneHot)
REGISTER_KERNEL(Pack)
REGISTER_KERNEL(Pad)
REGISTER_KERNEL(PadV2)
REGISTER_KERNEL(Pow)
REGISTER_KERNEL(PRelu)
REGISTER_KERNEL(Quantize)
REGISTER_KERNEL(ReduceMax)
REGISTER_KERNEL(ReduceProd)
REGISTER_KERNEL(Relu)
REGISTER_KERNEL(Relu6)
REGISTER_KERNEL(Reshape)
REGISTER_KERNEL(ResizeBilinear)
REGISTER_KERNEL(ResizeNearestNeighbor)
REGISTER_KERNEL(ReverseV2)
REGISTER_KERNEL(Rsqrt)
REGISTER_KERNEL(Select)
REGISTER_KERNEL(Shape)
REGISTER_KERNEL(Sin)
REGISTER_KERNEL(Slice)
REGISTER_KERNEL(Softmax)
REGISTER_KERNEL(SpaceToBatchND)
REGISTER_KERNEL(SpaceToDepth)
REGISTER_KERNEL(Split)
REGISTER_KERNEL(SplitV)
REGISTER_KERNEL(StridedSlice)
REGISTER_KERNEL(Sqrt)
REGISTER_KERNEL(Square)
REGISTER_KERNEL(SquaredDifference)
REGISTER_KERNEL(Squeeze)
REGISTER_KERNEL(Sub)
REGISTER_KERNEL(Sum)
REGISTER_KERNEL(SVDF)
REGISTER_KERNEL(Tanh)
REGISTER_KERNEL(Tile)
REGISTER_KERNEL(Transpose)
REGISTER_KERNEL(TransposeConv)
REGISTER_KERNEL(UnidirectionalSequenceLSTM)
REGISTER_KERNEL(Unpack)
REGISTER_KERNEL(While)
