/*
 * Copyright (c) 2018 Samsung Electronics Co., Ltd. All Rights Reserved
 *
 * Licensed under the Apache License, Version 2.0 (the "License");
 * you may not use this file except in compliance with the License.
 * You may obtain a copy of the License at
 *
 *    http://www.apache.org/licenses/LICENSE-2.0
 *
 * Unless required by applicable law or agreed to in writing, software
 * distributed under the License is distributed on an "AS IS" BASIS,
 * WITHOUT WARRANTIES OR CONDITIONS OF ANY KIND, either express or implied.
 * See the License for the specific language governing permissions and
 * limitations under the License.
 */

#ifndef OP
#error Define OP before including this file
#endif

// Internal Name
OP(BatchToSpaceND)
OP(BinaryArithmetic)
OP(BroadcastTo)
OP(Cast)
OP(Conv2D)
OP(DepthwiseConv2D)
OP(AvgPool2D)
OP(MaxPool2D)
OP(Concat)
OP(Fill)
OP(FullyConnected)
OP(Reduce)
OP(Reshape)
OP(Softmax)
OP(Squeeze)
OP(Slice)
OP(StridedSlice)
OP(Tanh)
OP(Logistic)
OP(Transpose)
OP(Exp)
OP(ExpandDims)
OP(Comparison)
OP(LogicalAnd)
OP(LogicalOr)
OP(LogicalNot)
OP(LSTM)
OP(RSQRT)
OP(ReLU)
OP(ResizeBilinear)
OP(ReLU1)
OP(ReLU6)
OP(Reverse)
OP(RNN)
OP(Round)
OP(Floor)
OP(SpaceToBatchND)
OP(SpaceToDepth)
OP(L2Pool2D)
OP(EmbeddingLookup)
OP(L2Normalization)
OP(HashtableLookup)
OP(InstanceNorm)
OP(PReLU)
OP(TransposeConv)
OP(SQRT)
OP(SquaredDifference)
OP(TopKV2)
OP(Gather)
OP(Neg)
OP(Abs)
OP(ArgMax)
OP(Dequantize)
OP(Einsum)
OP(LocalResponseNormalization)
OP(DepthToSpace)
OP(Pack)
OP(Select)
OP(Split)
OP(SplitV)
OP(Unpack)
OP(Pad)
OP(Custom)
OP(Permute)
OP(Min)
OP(Max)
OP(OneHot)
OP(Cos)
OP(Sin)
OP(Shape)
OP(ConvertFp32ToFp16)
OP(ConvertFp16ToFp32)
OP(If)
OP(While)
OP(Log)
OP(Pow)
OP(ZerosLike)
OP(Tile)
OP(Range)
OP(BCQFullyConnected)
OP(BCQGather)
OP(MatrixBandPart)
OP(BatchMatMul)
OP(FusedBatchNorm)
OP(LogSoftmax)
OP(Quantize)
OP(StatelessRandomUniform)
