/*
 * Copyright (c) 2018 Samsung Electronics Co., Ltd. All Rights Reserved
 *
 * Licensed under the Apache License, Version 2.0 (the "License");
 * you may not use this file except in compliance with the License.
 * You may obtain a copy of the License at
 *
 *      http://www.apache.org/licenses/LICENSE-2.0
 *
 * Unless required by applicable law or agreed to in writing, software
 * distributed under the License is distributed on an "AS IS" BASIS,
 * WITHOUT WARRANTIES OR CONDITIONS OF ANY KIND, either express or implied.
 * See the License for the specific language governing permissions and
 * limitations under the License.
 */

#ifndef CONFIG
#error  Define CONFIG before including this file
#endif

//     Name                    | Type         | Default
CONFIG(GRAPH_DOT_DUMP          , int          , "0")
CONFIG(BACKENDS                , std::string  , "cpu;acl_cl;acl_neon;ruy;xnnpack;gpu_cl;trix;bcq") // FIXME Remove bcq
CONFIG(OP_BACKEND_ALLOPS       , std::string  , "")
CONFIG(OP_BACKEND_MAP          , std::string  , "")
CONFIG(ONERT_LOG_ENABLE        , bool         , "0")
CONFIG(CPU_MEMORY_PLANNER      , std::string  , "WIC")
CONFIG(EXECUTOR                , std::string  , "Linear")
CONFIG(ACL_LAYOUT              , std::string  , "none")
CONFIG(NCNN_LAYOUT             , std::string  , "NCHW")
CONFIG(PROFILING_MODE          , bool         , "0")
CONFIG(USE_SCHEDULER           , bool         , "0")
CONFIG(TRACING_MODE            , bool         , "0")
CONFIG(MINMAX_DUMP             , bool         , "0")
CONFIG(FP16_ENABLE             , bool         , "0")
CONFIG(RUY_THREADS             , int          , "-1")
CONFIG(XNNPACK_THREADS         , int          , "-1")
CONFIG(USE_MMAPED_DATA         , bool         , "0")
CONFIG(WORKSPACE_DIR           , std::string  , ".")

// Auto-generate all operations

#define OP(InternalName) \
    CONFIG(OP_BACKEND_ ## InternalName, std::string, "")
#include "ir/Operations.lst"
#undef OP
