#ifndef TFL_BUILTIN_OPTIONS
#error "TFL_BUILTIN_OPTIONS is not defined"
#endif

// NOTE order of option follows TensorFlow lite schema.fbs 'union BuiltinOptions'

TFL_BUILTIN_OPTIONS(Conv2DOptions)
TFL_BUILTIN_OPTIONS(DepthwiseConv2DOptions)
// TFL_BUILTIN_OPTIONS(ConcatEmbeddingsOptions)
// TFL_BUILTIN_OPTIONS(LSHProjectionOptions)
TFL_BUILTIN_OPTIONS(Pool2DOptions)
TFL_BUILTIN_OPTIONS(SVDFOptions)
// TFL_BUILTIN_OPTIONS(RNNOptions)
TFL_BUILTIN_OPTIONS(FullyConnectedOptions)
TFL_BUILTIN_OPTIONS(SoftmaxOptions)
TFL_BUILTIN_OPTIONS(ConcatenationOptions)
TFL_BUILTIN_OPTIONS(AddOptions)
TFL_BUILTIN_OPTIONS(L2NormOptions)
TFL_BUILTIN_OPTIONS(LocalResponseNormalizationOptions)
// TFL_BUILTIN_OPTIONS(LSTMOptions)
TFL_BUILTIN_OPTIONS(ResizeBilinearOptions)
// TFL_BUILTIN_OPTIONS(CallOptions)
TFL_BUILTIN_OPTIONS(ReshapeOptions)
// TFL_BUILTIN_OPTIONS(SkipGramOptions)
TFL_BUILTIN_OPTIONS(SpaceToDepthOptions)
// TFL_BUILTIN_OPTIONS(EmbeddingLookupSparseOptions)
TFL_BUILTIN_OPTIONS(MulOptions)
TFL_BUILTIN_OPTIONS(PadOptions)
TFL_BUILTIN_OPTIONS(PadV2Options)
TFL_BUILTIN_OPTIONS(GatherOptions)
TFL_BUILTIN_OPTIONS(GeluOptions)
TFL_BUILTIN_OPTIONS(BatchToSpaceNDOptions)
TFL_BUILTIN_OPTIONS(SpaceToBatchNDOptions)
TFL_BUILTIN_OPTIONS(TransposeOptions)
TFL_BUILTIN_OPTIONS(ReducerOptions)
TFL_BUILTIN_OPTIONS(SubOptions)
TFL_BUILTIN_OPTIONS(DivOptions)
TFL_BUILTIN_OPTIONS(SqueezeOptions)
// TFL_BUILTIN_OPTIONS(SequenceRNNOptions)
TFL_BUILTIN_OPTIONS(StridedSliceOptions)
TFL_BUILTIN_OPTIONS(ExpOptions)
TFL_BUILTIN_OPTIONS(TopKV2Options)
TFL_BUILTIN_OPTIONS(SplitOptions)
TFL_BUILTIN_OPTIONS(LogSoftmaxOptions)
TFL_BUILTIN_OPTIONS(CastOptions)
TFL_BUILTIN_OPTIONS(DequantizeOptions)
TFL_BUILTIN_OPTIONS(MaximumMinimumOptions)
TFL_BUILTIN_OPTIONS(ArgMaxOptions)
TFL_BUILTIN_OPTIONS(LessOptions)
TFL_BUILTIN_OPTIONS(NegOptions)
// TFL_BUILTIN_OPTIONS(PadV2Options)
TFL_BUILTIN_OPTIONS(GreaterOptions)
TFL_BUILTIN_OPTIONS(GreaterEqualOptions)
TFL_BUILTIN_OPTIONS(LessEqualOptions)
TFL_BUILTIN_OPTIONS(SelectOptions)
TFL_BUILTIN_OPTIONS(SelectV2Options)
TFL_BUILTIN_OPTIONS(SliceOptions)
TFL_BUILTIN_OPTIONS(TransposeConvOptions)
TFL_BUILTIN_OPTIONS(SparseToDenseOptions)
TFL_BUILTIN_OPTIONS(TileOptions)
TFL_BUILTIN_OPTIONS(ExpandDimsOptions)
TFL_BUILTIN_OPTIONS(EqualOptions)
TFL_BUILTIN_OPTIONS(NotEqualOptions)
TFL_BUILTIN_OPTIONS(ShapeOptions)
TFL_BUILTIN_OPTIONS(PowOptions)
TFL_BUILTIN_OPTIONS(ArgMinOptions)
TFL_BUILTIN_OPTIONS(FakeQuantOptions)
TFL_BUILTIN_OPTIONS(PackOptions)
TFL_BUILTIN_OPTIONS(LogicalOrOptions)
TFL_BUILTIN_OPTIONS(OneHotOptions)
TFL_BUILTIN_OPTIONS(LogicalAndOptions)
TFL_BUILTIN_OPTIONS(LogicalNotOptions)
TFL_BUILTIN_OPTIONS(UnpackOptions)
TFL_BUILTIN_OPTIONS(FloorDivOptions)
TFL_BUILTIN_OPTIONS(SquareOptions)
TFL_BUILTIN_OPTIONS(ZerosLikeOptions)
TFL_BUILTIN_OPTIONS(FillOptions)
TFL_BUILTIN_OPTIONS(BidirectionalSequenceLSTMOptions)
// TFL_BUILTIN_OPTIONS(BidirectionalSequenceRNNOptions)
TFL_BUILTIN_OPTIONS(UnidirectionalSequenceLSTMOptions)
TFL_BUILTIN_OPTIONS(FloorModOptions)
TFL_BUILTIN_OPTIONS(RangeOptions)
TFL_BUILTIN_OPTIONS(ResizeNearestNeighborOptions)
TFL_BUILTIN_OPTIONS(LeakyReluOptions)
TFL_BUILTIN_OPTIONS(SquaredDifferenceOptions)
TFL_BUILTIN_OPTIONS(MirrorPadOptions)
TFL_BUILTIN_OPTIONS(AbsOptions)
TFL_BUILTIN_OPTIONS(SplitVOptions)
TFL_BUILTIN_OPTIONS(UniqueOptions)
TFL_BUILTIN_OPTIONS(ReverseV2Options)
TFL_BUILTIN_OPTIONS(AddNOptions)
TFL_BUILTIN_OPTIONS(GatherNdOptions)
TFL_BUILTIN_OPTIONS(CosOptions)
TFL_BUILTIN_OPTIONS(WhereOptions)
// TFL_BUILTIN_OPTIONS(RankOptions)
TFL_BUILTIN_OPTIONS(ReverseSequenceOptions)
TFL_BUILTIN_OPTIONS(MatrixDiagOptions)
// TFL_BUILTIN_OPTIONS(QuantizeOptions)
TFL_BUILTIN_OPTIONS(MatrixSetDiagOptions)
// TFL_BUILTIN_OPTIONS(HardSwishOptions)
TFL_BUILTIN_OPTIONS(IfOptions)
TFL_BUILTIN_OPTIONS(WhileOptions)
TFL_BUILTIN_OPTIONS(DepthToSpaceOptions)
TFL_BUILTIN_OPTIONS(NonMaxSuppressionV4Options)
TFL_BUILTIN_OPTIONS(NonMaxSuppressionV5Options)
TFL_BUILTIN_OPTIONS(RankOptions)
TFL_BUILTIN_OPTIONS(ScatterNdOptions)
TFL_BUILTIN_OPTIONS(SegmentSumOptions)
TFL_BUILTIN_OPTIONS(BatchMatMulOptions)
TFL_BUILTIN_OPTIONS(DensifyOptions)
