#ifndef TFL_OPERATOR
#error "TFL_OPERATOR is not defined."
#endif

TFL_OPERATOR(ADD)
TFL_OPERATOR(AVERAGE_POOL_2D)
TFL_OPERATOR(CONCATENATION)
TFL_OPERATOR(CONV_2D)
TFL_OPERATOR(DEPTHWISE_CONV_2D)
TFL_OPERATOR(DEQUANTIZE)
TFL_OPERATOR(EMBEDDING_LOOKUP)
TFL_OPERATOR(FLOOR)
TFL_OPERATOR(FULLY_CONNECTED)
TFL_OPERATOR(HASHTABLE_LOOKUP)
TFL_OPERATOR(L2_NORMALIZATION)
TFL_OPERATOR(L2_POOL_2D)
TFL_OPERATOR(LOCAL_RESPONSE_NORMALIZATION)
TFL_OPERATOR(LOGISTIC)
TFL_OPERATOR(LSH_PROJECTION)
TFL_OPERATOR(LSTM)
TFL_OPERATOR(MAX_POOL_2D)
TFL_OPERATOR(MUL)
TFL_OPERATOR(RELU)
TFL_OPERATOR(RELU_N1_TO_1)
TFL_OPERATOR(RELU6)
TFL_OPERATOR(RESHAPE)
TFL_OPERATOR(RESIZE_BILINEAR)
TFL_OPERATOR(RNN)
TFL_OPERATOR(SOFTMAX)
TFL_OPERATOR(SPACE_TO_DEPTH)
TFL_OPERATOR(SVDF)
TFL_OPERATOR(TANH)
TFL_OPERATOR(CONCAT_EMBEDDINGS)
TFL_OPERATOR(SKIP_GRAM)
TFL_OPERATOR(CALL)
TFL_OPERATOR(CUSTOM)
TFL_OPERATOR(EMBEDDING_LOOKUP_SPARSE)
TFL_OPERATOR(PAD)
TFL_OPERATOR(UNIDIRECTIONAL_SEQUENCE_RNN)
TFL_OPERATOR(GATHER)
TFL_OPERATOR(BATCH_TO_SPACE_ND)
TFL_OPERATOR(SPACE_TO_BATCH_ND)
TFL_OPERATOR(TRANSPOSE)
TFL_OPERATOR(MEAN)
TFL_OPERATOR(SUB)
TFL_OPERATOR(DIV)
TFL_OPERATOR(SQUEEZE)
TFL_OPERATOR(UNIDIRECTIONAL_SEQUENCE_LSTM)
TFL_OPERATOR(STRIDED_SLICE)
TFL_OPERATOR(BIDIRECTIONAL_SEQUENCE_RNN)
TFL_OPERATOR(EXP)
TFL_OPERATOR(TOPK_V2)
TFL_OPERATOR(SPLIT)
TFL_OPERATOR(LOG_SOFTMAX)
TFL_OPERATOR(DELEGATE)
TFL_OPERATOR(BIDIRECTIONAL_SEQUENCE_LSTM)
TFL_OPERATOR(CAST)
TFL_OPERATOR(PRELU)
TFL_OPERATOR(MAXIMUM)
TFL_OPERATOR(ARG_MAX)
TFL_OPERATOR(MINIMUM)
TFL_OPERATOR(LESS)
TFL_OPERATOR(NEG)
TFL_OPERATOR(PADV2)
TFL_OPERATOR(GREATER)
TFL_OPERATOR(GREATER_EQUAL)
TFL_OPERATOR(LESS_EQUAL)
TFL_OPERATOR(SELECT)
TFL_OPERATOR(SLICE)
TFL_OPERATOR(SIN)
TFL_OPERATOR(TRANSPOSE_CONV)
TFL_OPERATOR(SPARSE_TO_DENSE)
TFL_OPERATOR(TILE)
TFL_OPERATOR(EXPAND_DIMS)
TFL_OPERATOR(EQUAL)
TFL_OPERATOR(NOT_EQUAL)
TFL_OPERATOR(LOG)
TFL_OPERATOR(SUM)
TFL_OPERATOR(SQRT)
TFL_OPERATOR(RSQRT)
TFL_OPERATOR(SHAPE)
TFL_OPERATOR(POW)
TFL_OPERATOR(ARG_MIN)
TFL_OPERATOR(FAKE_QUANT)
TFL_OPERATOR(REDUCE_PROD)
TFL_OPERATOR(REDUCE_MAX)
TFL_OPERATOR(PACK)
TFL_OPERATOR(LOGICAL_OR)
TFL_OPERATOR(ONE_HOT)
TFL_OPERATOR(LOGICAL_AND)
TFL_OPERATOR(LOGICAL_NOT)
TFL_OPERATOR(UNPACK)
TFL_OPERATOR(REDUCE_MIN)
TFL_OPERATOR(FLOOR_DIV)
TFL_OPERATOR(REDUCE_ANY)
TFL_OPERATOR(SQUARE)
TFL_OPERATOR(ZEROS_LIKE)
TFL_OPERATOR(FILL)
